INFO:root:send to cct47.mishu@gmail.com by anamicamilly@gmail.com successfully : 1
INFO:root:send to rngcontact7@gmail.com by anamicamilly@gmail.com successfully : 2
INFO:root:send to alexinvoic@gmail.com by anamicamilly@gmail.com successfully : 3
INFO:root:send to pythonrng@gmail.com by anamicamilly@gmail.com successfully : 4
INFO:root:send to alexvay01s@gmail.com by anamicamilly@gmail.com successfully : 5
INFO:root:send to cct47.mishu@gmail.com by anamicamilly@gmail.com successfully : 6
INFO:root:send to rngcontact7@gmail.com by anamicamilly@gmail.com successfully : 7
INFO:root:send to alexinvoic@gmail.com by anamicamilly@gmail.com successfully : 8
INFO:root:send to pythonrng@gmail.com by anamicamilly@gmail.com successfully : 9
INFO:root:send to alexvay01s@gmail.com by anamicamilly@gmail.com successfully : 10
INFO:root:send to cct47.mishu@gmail.com by anamicamilly@gmail.com successfully : 11
INFO:root:send to rngcontact7@gmail.com by anamicamilly@gmail.com successfully : 12
INFO:root:send to alexinvoic@gmail.com by anamicamilly@gmail.com successfully : 13
INFO:root:send to pythonrng@gmail.com by anamicamilly@gmail.com successfully : 14
INFO:root:send to alexvay01s@gmail.com by anamicamilly@gmail.com successfully : 15
INFO:root:send to cct47.mishu@gmail.com by anamicamilly@gmail.com successfully : 16
INFO:root:send to rngcontact7@gmail.com by anamicamilly@gmail.com successfully : 17
INFO:root:send to alexinvoic@gmail.com by anamicamilly@gmail.com successfully : 18
INFO:root:send to pythonrng@gmail.com by anamicamilly@gmail.com successfully : 19
INFO:root:send to alexvay01s@gmail.com by anamicamilly@gmail.com successfully : 20
